#! /usr/share/iverilog-0.9.7/bin/vvp
:ivl_version "0.9.7 " "(v0_9_6)";
:vpi_time_precision + 0;
:vpi_module "system";
:vpi_module "v2005_math";
:vpi_module "va_math";
S_0xb7df80 .scope module, "testbench" "testbench" 2 3;
 .timescale 0 0;
v0xbab910_0 .var "clkt", 0 0;
v0xbaba20_0 .var "modet", 0 0;
v0xbabad0_0 .var "pit", 3 0;
RS_0x7fca39602078 .resolv tri, v0xbaaa10_0, v0xbab350_0, C4<zzzz>, C4<zzzz>;
v0xbabb80_0 .net8 "pot", 3 0, RS_0x7fca39602078; 2 drivers
v0xbabc30_0 .var "resett", 0 0;
v0xbabd40_0 .var "sit", 0 0;
RS_0x7fca39602168 .resolv tri, v0xbab010_0, L_0xbabed0, C4<z>, C4<z>;
v0xbabe00_0 .net8 "sot", 0 0, RS_0x7fca39602168; 2 drivers
L_0xbabf70 .part v0xbabad0_0, 0, 1;
S_0xbab520 .scope module, "siso_inst" "siso" 2 15, 3 4, S_0xb7df80;
 .timescale 0 0;
v0xbab610_0 .net "clk", 0 0, v0xbab910_0; 1 drivers
v0xbab690_0 .var "int_reg", 3 0;
v0xbab730_0 .net "reset", 0 0, v0xbabc30_0; 1 drivers
v0xbab7b0_0 .net "si", 0 0, v0xbabd40_0; 1 drivers
v0xbab860_0 .alias "so", 0 0, v0xbabe00_0;
L_0xbabed0 .part v0xbab690_0, 3, 1;
S_0xbab0d0 .scope module, "sipo_inst" "sipo" 2 16, 3 24, S_0xb7df80;
 .timescale 0 0;
v0xbab1c0_0 .alias "clk", 0 0, v0xbab610_0;
v0xbab2b0_0 .var "int_reg", 3 0;
v0xbab350_0 .var "po", 3 0;
v0xbab3d0_0 .alias "reset", 0 0, v0xbab730_0;
v0xbab4a0_0 .alias "si", 0 0, v0xbab7b0_0;
S_0xbaab60 .scope module, "piso_inst" "piso" 2 17, 3 49, S_0xb7df80;
 .timescale 0 0;
v0xbaacc0_0 .alias "clk", 0 0, v0xbab610_0;
v0xbaad90_0 .var "int_reg", 3 0;
v0xbaae10_0 .net "mode", 0 0, v0xbaba20_0; 1 drivers
v0xbaaeb0_0 .net "pi", 0 0, L_0xbabf70; 1 drivers
v0xbaaf60_0 .alias "reset", 0 0, v0xbab730_0;
v0xbab010_0 .var "so", 0 0;
E_0xbaac50 .event posedge, v0xb6b970_0;
S_0xb6b880 .scope module, "pipo_inst" "pipo" 2 18, 3 77, S_0xb7df80;
 .timescale 0 0;
v0xb6b970_0 .alias "clk", 0 0, v0xbab610_0;
v0xbaa970_0 .net "pi", 3 0, v0xbabad0_0; 1 drivers
v0xbaaa10_0 .var "po", 3 0;
v0xbaaab0_0 .alias "reset", 0 0, v0xbab730_0;
E_0xb6b0c0 .event posedge, v0xbaaab0_0, v0xb6b970_0;
    .scope S_0xbab520;
T_0 ;
    %set/v v0xbab690_0, 0, 4;
    %end;
    .thread T_0;
    .scope S_0xbab520;
T_1 ;
    %wait E_0xb6b0c0;
    %load/v 8, v0xbab730_0, 1;
    %jmp/0xz  T_1.0, 8;
    %ix/load 0, 4, 0;
    %assign/v0 v0xbab690_0, 0, 0;
    %jmp T_1.1;
T_1.0 ;
    %load/v 8, v0xbab7b0_0, 1;
    %ix/load 0, 1, 0;
    %ix/load 1, 0, 0;
    %assign/v0/x1 v0xbab690_0, 0, 8;
    %load/v 8, v0xbab690_0, 3; Only need 3 of 4 bits
; Save base=8 wid=3 in lookaside.
    %ix/load 0, 3, 0;
    %ix/load 1, 1, 0;
    %assign/v0/x1 v0xbab690_0, 0, 8;
T_1.1 ;
    %jmp T_1;
    .thread T_1;
    .scope S_0xbab0d0;
T_2 ;
    %set/v v0xbab2b0_0, 0, 4;
    %end;
    .thread T_2;
    .scope S_0xbab0d0;
T_3 ;
    %wait E_0xb6b0c0;
    %load/v 8, v0xbab3d0_0, 1;
    %jmp/0xz  T_3.0, 8;
    %ix/load 0, 4, 0;
    %assign/v0 v0xbab2b0_0, 0, 0;
    %jmp T_3.1;
T_3.0 ;
    %load/v 8, v0xbab4a0_0, 1;
    %ix/load 0, 1, 0;
    %ix/load 1, 0, 0;
    %assign/v0/x1 v0xbab2b0_0, 0, 8;
    %load/v 8, v0xbab2b0_0, 3; Only need 3 of 4 bits
; Save base=8 wid=3 in lookaside.
    %ix/load 0, 3, 0;
    %ix/load 1, 1, 0;
    %assign/v0/x1 v0xbab2b0_0, 0, 8;
T_3.1 ;
    %jmp T_3;
    .thread T_3;
    .scope S_0xbab0d0;
T_4 ;
    %wait E_0xbaac50;
    %load/v 8, v0xbab3d0_0, 1;
    %jmp/0xz  T_4.0, 8;
    %ix/load 0, 4, 0;
    %assign/v0 v0xbab350_0, 0, 0;
    %jmp T_4.1;
T_4.0 ;
    %load/v 8, v0xbab2b0_0, 4;
    %ix/load 0, 4, 0;
    %assign/v0 v0xbab350_0, 0, 8;
T_4.1 ;
    %jmp T_4;
    .thread T_4;
    .scope S_0xbaab60;
T_5 ;
    %set/v v0xbaad90_0, 0, 4;
    %end;
    .thread T_5;
    .scope S_0xbaab60;
T_6 ;
    %wait E_0xb6b0c0;
    %load/v 8, v0xbaaf60_0, 1;
    %jmp/0xz  T_6.0, 8;
    %ix/load 0, 4, 0;
    %assign/v0 v0xbaad90_0, 0, 0;
    %jmp T_6.1;
T_6.0 ;
    %load/v 8, v0xbaae10_0, 1;
    %cmpi/u 8, 0, 1;
    %jmp/0xz  T_6.2, 4;
    %load/v 8, v0xbaaeb0_0, 1;
    %mov 9, 0, 3;
    %ix/load 0, 4, 0;
    %assign/v0 v0xbaad90_0, 0, 8;
    %jmp T_6.3;
T_6.2 ;
    %ix/load 1, 1, 0;
    %mov 4, 0, 1;
    %jmp/1 T_6.4, 4;
    %load/x1p 12, v0xbaad90_0, 3;
    %jmp T_6.5;
T_6.4 ;
    %mov 12, 2, 3;
T_6.5 ;
    %mov 8, 12, 3; Move signal select into place
    %ix/load 1, 3, 0;
    %mov 4, 0, 1;
    %jmp/1 T_6.6, 4;
    %load/x1p 12, v0xbaad90_0, 1;
    %jmp T_6.7;
T_6.6 ;
    %mov 12, 2, 1;
T_6.7 ;
    %mov 11, 12, 1; Move signal select into place
    %ix/load 0, 4, 0;
    %assign/v0 v0xbaad90_0, 0, 8;
T_6.3 ;
T_6.1 ;
    %jmp T_6;
    .thread T_6;
    .scope S_0xbaab60;
T_7 ;
    %wait E_0xbaac50;
    %load/v 8, v0xbaaf60_0, 1;
    %jmp/0xz  T_7.0, 8;
    %ix/load 0, 1, 0;
    %assign/v0 v0xbab010_0, 0, 0;
    %jmp T_7.1;
T_7.0 ;
    %load/v 8, v0xbaae10_0, 1;
    %jmp/0xz  T_7.2, 8;
    %load/v 8, v0xbaad90_0, 1; Only need 1 of 4 bits
; Save base=8 wid=1 in lookaside.
    %ix/load 0, 1, 0;
    %assign/v0 v0xbab010_0, 0, 8;
    %jmp T_7.3;
T_7.2 ;
    %ix/load 0, 1, 0;
    %assign/v0 v0xbab010_0, 0, 0;
T_7.3 ;
T_7.1 ;
    %jmp T_7;
    .thread T_7;
    .scope S_0xb6b880;
T_8 ;
    %wait E_0xb6b0c0;
    %load/v 8, v0xbaaab0_0, 1;
    %jmp/0xz  T_8.0, 8;
    %ix/load 0, 4, 0;
    %assign/v0 v0xbaaa10_0, 0, 0;
    %jmp T_8.1;
T_8.0 ;
    %load/v 8, v0xbaa970_0, 4;
    %ix/load 0, 4, 0;
    %assign/v0 v0xbaaa10_0, 0, 8;
T_8.1 ;
    %jmp T_8;
    .thread T_8;
    .scope S_0xb7df80;
T_9 ;
    %delay 0, 0;
    %set/v v0xbab910_0, 0, 1;
T_9.0 ;
    %delay 5, 0;
    %load/v 8, v0xbab910_0, 1;
    %inv 8, 1;
    %set/v v0xbab910_0, 8, 1;
    %jmp T_9.0;
    %end;
    .thread T_9;
    .scope S_0xb7df80;
T_10 ;
    %set/v v0xbabc30_0, 1, 1;
    %set/v v0xbabd40_0, 0, 1;
    %set/v v0xbabad0_0, 0, 4;
    %set/v v0xbaba20_0, 0, 1;
    %delay 10, 0;
    %set/v v0xbabc30_0, 0, 1;
    %delay 20, 0;
    %set/v v0xbabd40_0, 1, 1;
    %delay 10, 0;
    %set/v v0xbabd40_0, 0, 1;
    %delay 10, 0;
    %set/v v0xbaba20_0, 1, 1;
    %delay 20, 0;
    %set/v v0xbaba20_0, 0, 1;
    %end;
    .thread T_10;
    .scope S_0xb7df80;
T_11 ;
    %delay 100, 0;
    %vpi_call 2 39 "$finish";
    %end;
    .thread T_11;
    .scope S_0xb7df80;
T_12 ;
    %vpi_call 2 44 "$dumpfile", "dump.vcd";
    %vpi_call 2 45 "$dumpvars", 1'sb0, S_0xbab520;
    %vpi_call 2 46 "$dumpvars", 1'sb0, S_0xbab0d0;
    %vpi_call 2 47 "$dumpvars", 1'sb0, S_0xbaab60;
    %vpi_call 2 48 "$dumpvars", 1'sb0, S_0xb6b880;
    %end;
    .thread T_12;
# The file index is used to find the file name in the following table.
:file_names 4;
    "N/A";
    "<interactive>";
    "testbench.sv";
    "design.sv";
