#! /usr/share/iverilog-0.9.7/bin/vvp
:ivl_version "0.9.7 " "(v0_9_6)";
:vpi_time_precision + 0;
:vpi_module "system";
:vpi_module "v2005_math";
:vpi_module "va_math";
S_0xf001b0 .scope module, "ALU" "ALU" 2 1;
 .timescale 0 0;
v0xf2e250_0 .net "ALUControl", 2 0, C4<zzz>; 0 drivers
v0xf43830_0 .var "ALUResult", 31 0;
v0xf438d0_0 .net "SrcA", 31 0, C4<zzzzzzzzzzzzzzzzzzzzzzzzzzzzzzzz>; 0 drivers
v0xf43970_0 .net "SrcB", 31 0, C4<zzzzzzzzzzzzzzzzzzzzzzzzzzzzzzzz>; 0 drivers
v0xf43a20_0 .net *"_s0", 31 0, C4<00000000000000000000000000000000>; 1 drivers
v0xf43ac0_0 .net "zero", 0 0, L_0xf45260; 1 drivers
E_0xf19850 .event edge, v0xf2e250_0, v0xf43970_0, v0xf438d0_0;
L_0xf45260 .cmp/eq 32, v0xf43830_0, C4<00000000000000000000000000000000>;
S_0xf03d20 .scope module, "ALUAdd" "ALUAdd" 3 1;
 .timescale 0 0;
v0xf43be0_0 .net "din1", 31 0, C4<zzzzzzzzzzzzzzzzzzzzzzzzzzzzzzzz>; 0 drivers
v0xf43ca0_0 .net "din2", 31 0, C4<zzzzzzzzzzzzzzzzzzzzzzzzzzzzzzzz>; 0 drivers
v0xf43d40_0 .var "out", 31 0;
E_0xf439f0 .event edge, v0xf43ca0_0, v0xf43be0_0;
S_0xf27e00 .scope module, "ALUControl" "ALUControl" 4 1;
 .timescale 0 0;
v0xf43e50_0 .var "ALUControl", 2 0;
v0xf43f10_0 .net "ALUOp", 1 0, C4<zz>; 0 drivers
v0xf43fb0_0 .net "InstrFunct", 5 0, C4<zzzzzz>; 0 drivers
E_0xf43de0 .event edge, v0xf43f10_0, v0xf43fb0_0;
S_0xf27ef0 .scope module, "InstructionMemory" "InstructionMemory" 5 1;
 .timescale 0 0;
L_0xf45780 .functor BUFZ 32, L_0xf453b0, C4<00000000000000000000000000000000>, C4<00000000000000000000000000000000>, C4<00000000000000000000000000000000>;
v0xf44050_0 .net *"_s0", 31 0, L_0xf453b0; 1 drivers
v0xf44110_0 .net *"_s2", 31 0, L_0xf455f0; 1 drivers
v0xf441b0_0 .net *"_s4", 29 0, L_0xf45480; 1 drivers
v0xf44250_0 .net *"_s6", 1 0, C4<00>; 1 drivers
v0xf44300_0 .net "address", 31 0, C4<zzzzzzzzzzzzzzzzzzzzzzzzzzzzzzzz>; 0 drivers
v0xf443a0_0 .net "instruction", 31 0, L_0xf45780; 1 drivers
v0xf44480 .array "mem", 1024 0, 31 0;
L_0xf453b0 .array/port v0xf44480, L_0xf455f0;
L_0xf45480 .part C4<zzzzzzzzzzzzzzzzzzzzzzzzzzzzzzzz>, 2, 30;
L_0xf455f0 .concat [ 30 2 0 0], L_0xf45480, C4<00>;
S_0xf2d010 .scope module, "Mux2_1" "Mux2_1" 6 1;
 .timescale 0 0;
v0xf44500_0 .net "dataout", 31 0, L_0xf45830; 1 drivers
v0xf445c0_0 .net "di0", 31 0, C4<zzzzzzzzzzzzzzzzzzzzzzzzzzzzzzzz>; 0 drivers
v0xf44660_0 .net "di1", 31 0, C4<zzzzzzzzzzzzzzzzzzzzzzzzzzzzzzzz>; 0 drivers
v0xf44700_0 .net "sel", 0 0, C4<z>; 0 drivers
L_0xf45830 .functor MUXZ 32, C4<zzzzzzzzzzzzzzzzzzzzzzzzzzzzzzzz>, C4<zzzzzzzzzzzzzzzzzzzzzzzzzzzzzzzz>, C4<z>, C4<>;
S_0xf2d100 .scope module, "PC" "PC" 7 1;
 .timescale 0 0;
v0xf447f0_0 .net "PC", 31 0, C4<zzzzzzzzzzzzzzzzzzzzzzzzzzzzzzzz>; 0 drivers
v0xf448b0_0 .var "PCnew", 31 0;
v0xf44950_0 .net "clk", 0 0, C4<z>; 0 drivers
E_0xf44780 .event posedge, v0xf44950_0;
S_0xf250f0 .scope module, "PCAdd" "PCAdd" 8 1;
 .timescale 0 0;
v0xf44a60_0 .var "PCPlus", 31 0;
v0xf44b20_0 .net "PCnew", 31 0, C4<zzzzzzzzzzzzzzzzzzzzzzzzzzzzzzzz>; 0 drivers
E_0xf449f0 .event edge, v0xf44b20_0;
S_0xf251e0 .scope module, "Shift_Left" "Shift_Left" 9 1;
 .timescale 0 0;
v0xf44bc0_0 .net *"_s2", 29 0, L_0xf45900; 1 drivers
v0xf44c80_0 .net *"_s4", 1 0, C4<00>; 1 drivers
v0xf44d20_0 .net "in0", 31 0, C4<zzzzzzzzzzzzzzzzzzzzzzzzzzzzzzzz>; 0 drivers
v0xf44dc0_0 .net "out", 31 0, L_0xf45a70; 1 drivers
L_0xf45900 .part C4<zzzzzzzzzzzzzzzzzzzzzzzzzzzzzzzz>, 0, 30;
L_0xf45a70 .concat [ 2 30 0 0], C4<00>, L_0xf45900;
S_0xf2e160 .scope module, "SignExtend" "SignExtend" 10 1;
 .timescale 0 0;
L_0xf45c80 .functor BUFZ 16, C4<zzzzzzzzzzzzzzzz>, C4<0000000000000000>, C4<0000000000000000>, C4<0000000000000000>;
v0xf44e70_0 .net *"_s3", 15 0, L_0xf45c80; 1 drivers
v0xf44f30_0 .net *"_s7", 0 0, L_0xf45e20; 1 drivers
v0xf44fd0_0 .net *"_s8", 15 0, L_0xf45f40; 1 drivers
v0xf45070_0 .net "instr", 15 0, C4<zzzzzzzzzzzzzzzz>; 0 drivers
RS_0x7f7eabda26a8 .resolv tri, L_0xf45be0, L_0xf45d30, C4<zzzzzzzzzzzzzzzzzzzzzzzzzzzzzzzz>, C4<zzzzzzzzzzzzzzzzzzzzzzzzzzzzzzzz>;
v0xf45120_0 .net8 "instrExt", 31 0, RS_0x7f7eabda26a8; 2 drivers
L_0xf45be0 .part/pv L_0xf45c80, 0, 16, 32;
L_0xf45d30 .part/pv L_0xf45f40, 16, 16, 32;
L_0xf45e20 .part C4<zzzzzzzzzzzzzzzz>, 15, 1;
LS_0xf45f40_0_0 .concat [ 1 1 1 1], L_0xf45e20, L_0xf45e20, L_0xf45e20, L_0xf45e20;
LS_0xf45f40_0_4 .concat [ 1 1 1 1], L_0xf45e20, L_0xf45e20, L_0xf45e20, L_0xf45e20;
LS_0xf45f40_0_8 .concat [ 1 1 1 1], L_0xf45e20, L_0xf45e20, L_0xf45e20, L_0xf45e20;
LS_0xf45f40_0_12 .concat [ 1 1 1 1], L_0xf45e20, L_0xf45e20, L_0xf45e20, L_0xf45e20;
L_0xf45f40 .concat [ 4 4 4 4], LS_0xf45f40_0_0, LS_0xf45f40_0_4, LS_0xf45f40_0_8, LS_0xf45f40_0_12;
    .scope S_0xf001b0;
T_0 ;
    %wait E_0xf19850;
    %load/v 8, v0xf2e250_0, 3;
    %cmpi/u 8, 2, 3;
    %jmp/1 T_0.0, 6;
    %cmpi/u 8, 6, 3;
    %jmp/1 T_0.1, 6;
    %cmpi/u 8, 0, 3;
    %jmp/1 T_0.2, 6;
    %cmpi/u 8, 1, 3;
    %jmp/1 T_0.3, 6;
    %cmpi/u 8, 7, 3;
    %jmp/1 T_0.4, 6;
    %set/v v0xf43830_0, 0, 32;
    %jmp T_0.6;
T_0.0 ;
    %load/v 8, v0xf438d0_0, 32;
    %load/v 40, v0xf43970_0, 32;
    %add 8, 40, 32;
    %set/v v0xf43830_0, 8, 32;
    %jmp T_0.6;
T_0.1 ;
    %load/v 8, v0xf438d0_0, 32;
    %load/v 40, v0xf43970_0, 32;
    %sub 8, 40, 32;
    %set/v v0xf43830_0, 8, 32;
    %jmp T_0.6;
T_0.2 ;
    %load/v 8, v0xf438d0_0, 32;
    %load/v 40, v0xf43970_0, 32;
    %and 8, 40, 32;
    %set/v v0xf43830_0, 8, 32;
    %jmp T_0.6;
T_0.3 ;
    %load/v 8, v0xf438d0_0, 32;
    %load/v 40, v0xf43970_0, 32;
    %or 8, 40, 32;
    %set/v v0xf43830_0, 8, 32;
    %jmp T_0.6;
T_0.4 ;
    %load/v 8, v0xf438d0_0, 32;
    %load/v 40, v0xf43970_0, 32;
    %cmp/u 8, 40, 32;
    %mov 8, 5, 1;
    %jmp/0  T_0.7, 8;
    %movi 9, 1, 32;
    %jmp/1  T_0.9, 8;
T_0.7 ; End of true expr.
    %jmp/0  T_0.8, 8;
 ; End of false expr.
    %blend  9, 0, 32; Condition unknown.
    %jmp  T_0.9;
T_0.8 ;
    %mov 9, 0, 32; Return false value
T_0.9 ;
    %set/v v0xf43830_0, 9, 32;
    %jmp T_0.6;
T_0.6 ;
    %jmp T_0;
    .thread T_0, $push;
    .scope S_0xf03d20;
T_1 ;
    %wait E_0xf439f0;
    %load/v 8, v0xf43be0_0, 32;
    %load/v 40, v0xf43ca0_0, 32;
    %add 8, 40, 32;
    %set/v v0xf43d40_0, 8, 32;
    %jmp T_1;
    .thread T_1, $push;
    .scope S_0xf27e00;
T_2 ;
    %wait E_0xf43de0;
    %load/v 8, v0xf43fb0_0, 6;
    %load/v 14, v0xf43f10_0, 2;
    %mov 16, 2, 6;
    %movi 22, 0, 2;
    %cmp/x 8, 16, 8;
    %jmp/1 T_2.0, 4;
    %movi 24, 32, 6;
    %mov 30, 2, 1;
    %movi 31, 1, 1;
    %cmp/x 8, 24, 8;
    %jmp/1 T_2.1, 4;
    %movi 32, 34, 6;
    %mov 38, 2, 1;
    %movi 39, 1, 1;
    %cmp/x 8, 32, 8;
    %jmp/1 T_2.2, 4;
    %movi 40, 36, 6;
    %mov 46, 2, 1;
    %movi 47, 1, 1;
    %cmp/x 8, 40, 8;
    %jmp/1 T_2.3, 4;
    %movi 48, 37, 6;
    %mov 54, 2, 1;
    %movi 55, 1, 1;
    %cmp/x 8, 48, 8;
    %jmp/1 T_2.4, 4;
    %movi 56, 42, 6;
    %mov 62, 2, 1;
    %movi 63, 1, 1;
    %cmp/x 8, 56, 8;
    %jmp/1 T_2.5, 4;
    %mov 64, 2, 6;
    %movi 70, 1, 1;
    %mov 71, 2, 1;
    %cmp/x 8, 64, 8;
    %jmp/1 T_2.6, 4;
    %jmp T_2.7;
T_2.0 ;
    %movi 8, 2, 3;
    %set/v v0xf43e50_0, 8, 3;
    %jmp T_2.7;
T_2.1 ;
    %movi 8, 2, 3;
    %set/v v0xf43e50_0, 8, 3;
    %jmp T_2.7;
T_2.2 ;
    %movi 8, 2, 3;
    %set/v v0xf43e50_0, 8, 3;
    %jmp T_2.7;
T_2.3 ;
    %movi 8, 6, 3;
    %set/v v0xf43e50_0, 8, 3;
    %jmp T_2.7;
T_2.4 ;
    %movi 8, 1, 3;
    %set/v v0xf43e50_0, 8, 3;
    %jmp T_2.7;
T_2.5 ;
    %set/v v0xf43e50_0, 1, 3;
    %jmp T_2.7;
T_2.6 ;
    %movi 8, 6, 3;
    %set/v v0xf43e50_0, 8, 3;
    %jmp T_2.7;
T_2.7 ;
    %jmp T_2;
    .thread T_2, $push;
    .scope S_0xf27ef0;
T_3 ;
    %vpi_call 5 9 "$readmemh", "cod.txt", v0xf44480;
    %end;
    .thread T_3;
    .scope S_0xf2d100;
T_4 ;
    %set/v v0xf448b0_0, 0, 32;
    %end;
    .thread T_4;
    .scope S_0xf2d100;
T_5 ;
    %wait E_0xf44780;
    %load/v 8, v0xf447f0_0, 32;
    %set/v v0xf448b0_0, 8, 32;
    %jmp T_5;
    .thread T_5;
    .scope S_0xf250f0;
T_6 ;
    %wait E_0xf449f0;
    %ix/load 0, 4, 0;
    %load/vp0 8, v0xf44b20_0, 32;
    %set/v v0xf44a60_0, 8, 32;
    %jmp T_6;
    .thread T_6, $push;
# The file index is used to find the file name in the following table.
:file_names 11;
    "N/A";
    "<interactive>";
    "./ALU.sv";
    "./ALUAdd.sv";
    "./ALUControl.sv";
    "./InstructionMemory.sv";
    "./Mux2_1.sv";
    "./PC.sv";
    "./PCAdd.sv";
    "./Shift_Left.sv";
    "./SignExtend.sv";
