#! /usr/share/iverilog-0.9.7/bin/vvp
:ivl_version "0.9.7 " "(v0_9_6)";
:vpi_time_precision + 0;
:vpi_module "system";
:vpi_module "v2005_math";
:vpi_module "va_math";
S_0xf75cd0 .scope module, "tb_siso" "tb_siso" 2 3;
 .timescale 0 0;
v0xf87710_0 .var "clkt", 0 0;
v0xf877e0_0 .var "resett", 0 0;
v0xf87890_0 .var "sit", 0 0;
v0xf87940_0 .net "sot", 0 0, L_0xf87a20; 1 drivers
S_0xf75dc0 .scope module, "siso_inst" "siso" 2 11, 3 21, S_0xf75cd0;
 .timescale 0 0;
v0xf75eb0_0 .net "clk", 0 0, v0xf87710_0; 1 drivers
v0xf87480_0 .var "int_reg", 3 0;
v0xf87520_0 .net "reset", 0 0, v0xf877e0_0; 1 drivers
v0xf875c0_0 .net "si", 0 0, v0xf87890_0; 1 drivers
v0xf87670_0 .alias "so", 0 0, v0xf87940_0;
E_0xf52c40 .event posedge, v0xf87520_0, v0xf75eb0_0;
L_0xf87a20 .part v0xf87480_0, 3, 1;
    .scope S_0xf75dc0;
T_0 ;
    %set/v v0xf87480_0, 0, 4;
    %end;
    .thread T_0;
    .scope S_0xf75dc0;
T_1 ;
    %wait E_0xf52c40;
    %load/v 8, v0xf87520_0, 1;
    %jmp/0xz  T_1.0, 8;
    %ix/load 0, 4, 0;
    %assign/v0 v0xf87480_0, 0, 0;
    %jmp T_1.1;
T_1.0 ;
    %load/v 8, v0xf875c0_0, 1;
    %ix/load 0, 1, 0;
    %ix/load 1, 0, 0;
    %assign/v0/x1 v0xf87480_0, 0, 8;
    %load/v 8, v0xf87480_0, 3; Only need 3 of 4 bits
; Save base=8 wid=3 in lookaside.
    %ix/load 0, 3, 0;
    %ix/load 1, 1, 0;
    %assign/v0/x1 v0xf87480_0, 0, 8;
T_1.1 ;
    %jmp T_1;
    .thread T_1;
    .scope S_0xf75cd0;
T_2 ;
    %delay 0, 0;
    %set/v v0xf87710_0, 0, 1;
T_2.0 ;
    %delay 5, 0;
    %load/v 8, v0xf87710_0, 1;
    %inv 8, 1;
    %set/v v0xf87710_0, 8, 1;
    %jmp T_2.0;
    %end;
    .thread T_2;
    .scope S_0xf75cd0;
T_3 ;
    %set/v v0xf877e0_0, 1, 1;
    %set/v v0xf87890_0, 0, 1;
    %delay 10, 0;
    %set/v v0xf877e0_0, 0, 1;
    %delay 20, 0;
    %set/v v0xf87890_0, 1, 1;
    %delay 20, 0;
    %set/v v0xf87890_0, 0, 1;
    %end;
    .thread T_3;
    .scope S_0xf75cd0;
T_4 ;
    %delay 100, 0;
    %vpi_call 2 30 "$finish";
    %end;
    .thread T_4;
    .scope S_0xf75cd0;
T_5 ;
    %vpi_call 2 35 "$dumpfile", "dump.vcd";
    %vpi_call 2 36 "$dumpvars", 1'sb0, S_0xf75dc0;
    %end;
    .thread T_5;
# The file index is used to find the file name in the following table.
:file_names 4;
    "N/A";
    "<interactive>";
    "testbench.sv";
    "design.sv";
