#! /usr/share/iverilog-0.9.7/bin/vvp
:ivl_version "0.9.7 " "(v0_9_6)";
:vpi_time_precision + 0;
:vpi_module "system";
:vpi_module "v2005_math";
:vpi_module "va_math";
S_0x1bb3f20 .scope module, "testbench" "testbench" 2 3;
 .timescale 0 0;
v0x1bb4010_0 .var "date", 7 0;
v0x1be5db0_0 .var/i "i", 31 0;
v0x1be5e50 .array "mem", 5 0, 7 0;
    .scope S_0x1bb3f20;
T_0 ;
    %vpi_call 2 13 "$readmemh", "f1.txt", v0x1be5e50, 1'sb0, 4'sb0101;
    %set/v v0x1be5db0_0, 0, 32;
T_0.0 ;
    %load/v 8, v0x1be5db0_0, 32;
   %cmpi/s 8, 6, 32;
    %jmp/0xz T_0.1, 5;
    %ix/getv/s 3, v0x1be5db0_0;
    %load/av 8, v0x1be5e50, 8;
    %set/v v0x1bb4010_0, 8, 8;
    %vpi_call 2 17 "$display", "mem[%0d] = %h", v0x1be5db0_0, &A<v0x1be5e50, v0x1be5db0_0 >;
    %delay 20, 0;
    %ix/load 0, 1, 0;
    %load/vp0/s 8, v0x1be5db0_0, 32;
    %set/v v0x1be5db0_0, 8, 32;
    %jmp T_0.0;
T_0.1 ;
    %end;
    .thread T_0;
    .scope S_0x1bb3f20;
T_1 ;
    %vpi_call 2 23 "$dumpfile", "dump.vcd";
    %vpi_call 2 24 "$dumpvars";
    %delay 200, 0;
    %vpi_call 2 26 "$finish", 2'sb01;
    %end;
    .thread T_1;
# The file index is used to find the file name in the following table.
:file_names 3;
    "N/A";
    "<interactive>";
    "testbench.sv";
