#! /usr/share/iverilog-0.9.7/bin/vvp
:ivl_version "0.9.7 " "(v0_9_6)";
:vpi_time_precision + 0;
:vpi_module "system";
:vpi_module "v2005_math";
:vpi_module "va_math";
S_0x18cf610 .scope module, "tb_piso" "tb_piso" 2 3;
 .timescale 0 0;
v0x18e2720_0 .var "clkt", 0 0;
v0x18e27c0_0 .var "modet", 0 0;
v0x18e2870_0 .var "pit", 0 0;
v0x18e2920_0 .var "resett", 0 0;
v0x18e2a00_0 .net "sot", 0 0, v0x18e2640_0; 1 drivers
S_0x18cf700 .scope module, "piso_inst" "piso" 2 12, 3 4, S_0x18cf610;
 .timescale 0 0;
v0x18cf7f0_0 .net "clk", 0 0, v0x18e2720_0; 1 drivers
v0x18e23b0_0 .var "int_reg", 3 0;
v0x18e2450_0 .net "mode", 0 0, v0x18e27c0_0; 1 drivers
v0x18e24f0_0 .net "pi", 0 0, v0x18e2870_0; 1 drivers
v0x18e25a0_0 .net "reset", 0 0, v0x18e2920_0; 1 drivers
v0x18e2640_0 .var "so", 0 0;
E_0x18ac760 .event posedge, v0x18cf7f0_0;
E_0x18ac930 .event posedge, v0x18e25a0_0, v0x18cf7f0_0;
    .scope S_0x18cf700;
T_0 ;
    %set/v v0x18e23b0_0, 0, 4;
    %end;
    .thread T_0;
    .scope S_0x18cf700;
T_1 ;
    %wait E_0x18ac930;
    %load/v 8, v0x18e25a0_0, 1;
    %jmp/0xz  T_1.0, 8;
    %ix/load 0, 4, 0;
    %assign/v0 v0x18e23b0_0, 0, 0;
    %jmp T_1.1;
T_1.0 ;
    %load/v 8, v0x18e2450_0, 1;
    %cmpi/u 8, 0, 1;
    %jmp/0xz  T_1.2, 4;
    %load/v 8, v0x18e24f0_0, 1;
    %mov 9, 0, 3;
    %ix/load 0, 4, 0;
    %assign/v0 v0x18e23b0_0, 0, 8;
    %jmp T_1.3;
T_1.2 ;
    %ix/load 1, 1, 0;
    %mov 4, 0, 1;
    %jmp/1 T_1.4, 4;
    %load/x1p 12, v0x18e23b0_0, 3;
    %jmp T_1.5;
T_1.4 ;
    %mov 12, 2, 3;
T_1.5 ;
    %mov 8, 12, 3; Move signal select into place
    %ix/load 1, 3, 0;
    %mov 4, 0, 1;
    %jmp/1 T_1.6, 4;
    %load/x1p 12, v0x18e23b0_0, 1;
    %jmp T_1.7;
T_1.6 ;
    %mov 12, 2, 1;
T_1.7 ;
    %mov 11, 12, 1; Move signal select into place
    %ix/load 0, 4, 0;
    %assign/v0 v0x18e23b0_0, 0, 8;
T_1.3 ;
T_1.1 ;
    %jmp T_1;
    .thread T_1;
    .scope S_0x18cf700;
T_2 ;
    %wait E_0x18ac760;
    %load/v 8, v0x18e25a0_0, 1;
    %jmp/0xz  T_2.0, 8;
    %ix/load 0, 1, 0;
    %assign/v0 v0x18e2640_0, 0, 0;
    %jmp T_2.1;
T_2.0 ;
    %load/v 8, v0x18e2450_0, 1;
    %jmp/0xz  T_2.2, 8;
    %load/v 8, v0x18e23b0_0, 1; Only need 1 of 4 bits
; Save base=8 wid=1 in lookaside.
    %ix/load 0, 1, 0;
    %assign/v0 v0x18e2640_0, 0, 8;
    %jmp T_2.3;
T_2.2 ;
    %ix/load 0, 1, 0;
    %assign/v0 v0x18e2640_0, 0, 0;
T_2.3 ;
T_2.1 ;
    %jmp T_2;
    .thread T_2;
    .scope S_0x18cf610;
T_3 ;
    %delay 0, 0;
    %set/v v0x18e2720_0, 0, 1;
T_3.0 ;
    %delay 5, 0;
    %load/v 8, v0x18e2720_0, 1;
    %inv 8, 1;
    %set/v v0x18e2720_0, 8, 1;
    %jmp T_3.0;
    %end;
    .thread T_3;
    .scope S_0x18cf610;
T_4 ;
    %set/v v0x18e2920_0, 1, 1;
    %set/v v0x18e2870_0, 1, 1;
    %set/v v0x18e27c0_0, 0, 1;
    %delay 10, 0;
    %set/v v0x18e2920_0, 0, 1;
    %delay 20, 0;
    %set/v v0x18e2870_0, 0, 1;
    %delay 10, 0;
    %set/v v0x18e2870_0, 1, 1;
    %delay 10, 0;
    %set/v v0x18e27c0_0, 1, 1;
    %delay 20, 0;
    %set/v v0x18e27c0_0, 0, 1;
    %end;
    .thread T_4;
    .scope S_0x18cf610;
T_5 ;
    %delay 100, 0;
    %vpi_call 2 33 "$finish";
    %end;
    .thread T_5;
    .scope S_0x18cf610;
T_6 ;
    %vpi_call 2 38 "$dumpfile", "dump.vcd";
    %vpi_call 2 39 "$dumpvars", 1'sb0, S_0x18cf700;
    %end;
    .thread T_6;
# The file index is used to find the file name in the following table.
:file_names 4;
    "N/A";
    "<interactive>";
    "testbench.sv";
    "design.sv";
