#! /usr/share/iverilog-0.9.7/bin/vvp
:ivl_version "0.9.7 " "(v0_9_6)";
:vpi_time_precision + 0;
:vpi_module "system";
:vpi_module "v2005_math";
:vpi_module "va_math";
S_0xb05380 .scope module, "tb_pipo" "tb_pipo" 2 3;
 .timescale 0 0;
v0xb166b0_0 .var "clkt", 0 0;
v0xb16780_0 .var "pit", 3 0;
v0xb16830_0 .net "pot", 3 0, v0xb16560_0; 1 drivers
v0xb168e0_0 .var "resett", 0 0;
S_0xb05470 .scope module, "pipo_inst" "pipo" 2 11, 3 4, S_0xb05380;
 .timescale 0 0;
v0xae2cc0_0 .net "clk", 0 0, v0xb166b0_0; 1 drivers
v0xb164c0_0 .net "pi", 3 0, v0xb16780_0; 1 drivers
v0xb16560_0 .var "po", 3 0;
v0xb16600_0 .net "reset", 0 0, v0xb168e0_0; 1 drivers
E_0xae2130 .event posedge, v0xb16600_0, v0xae2cc0_0;
    .scope S_0xb05470;
T_0 ;
    %wait E_0xae2130;
    %load/v 8, v0xb16600_0, 1;
    %jmp/0xz  T_0.0, 8;
    %ix/load 0, 4, 0;
    %assign/v0 v0xb16560_0, 0, 0;
    %jmp T_0.1;
T_0.0 ;
    %load/v 8, v0xb164c0_0, 4;
    %ix/load 0, 4, 0;
    %assign/v0 v0xb16560_0, 0, 8;
T_0.1 ;
    %jmp T_0;
    .thread T_0;
    .scope S_0xb05380;
T_1 ;
    %delay 0, 0;
    %set/v v0xb166b0_0, 0, 1;
T_1.0 ;
    %delay 5, 0;
    %load/v 8, v0xb166b0_0, 1;
    %inv 8, 1;
    %set/v v0xb166b0_0, 8, 1;
    %jmp T_1.0;
    %end;
    .thread T_1;
    .scope S_0xb05380;
T_2 ;
    %set/v v0xb168e0_0, 1, 1;
    %movi 8, 8, 4;
    %set/v v0xb16780_0, 8, 4;
    %delay 10, 0;
    %set/v v0xb168e0_0, 0, 1;
    %delay 20, 0;
    %movi 8, 2, 4;
    %set/v v0xb16780_0, 8, 4;
    %delay 10, 0;
    %set/v v0xb16780_0, 1, 4;
    %end;
    .thread T_2;
    .scope S_0xb05380;
T_3 ;
    %delay 100, 0;
    %vpi_call 2 30 "$finish";
    %end;
    .thread T_3;
    .scope S_0xb05380;
T_4 ;
    %vpi_call 2 35 "$dumpfile", "dump.vcd";
    %vpi_call 2 36 "$dumpvars", 1'sb0, S_0xb05470;
    %end;
    .thread T_4;
# The file index is used to find the file name in the following table.
:file_names 4;
    "N/A";
    "<interactive>";
    "testbench.sv";
    "design.sv";
